[2025-11-22 00:23:00] ERROR: 
Invalid `__TURBOPACK__imported__module__$5b$project$5d2f$prisma$2f$prisma$2e$init$2e$ts__$5b$app$2d$route$5d$__$28$ecmascript$29$__["prisma"].user.update()` invocation in
/home/bentola/Prog/Proj/jikonnect/.next/dev/server/chunks/[root-of-the-server]__c75b9e53._.js:934:149

  931         }
  932     });
  933 const activateUser = async (id)=>{
→ 934     await __TURBOPACK__imported__module__$5b$project$5d2f$prisma$2f$prisma$2e$init$2e$ts__$5b$app$2d$route$5d$__$28$ecmascript$29$__["prisma"].user.update(
An operation failed because it depends on one or more records that were required but not found. No record was found for an update.
[2025-11-22 01:21:46] INFO: nmudanya94@gmail.com Logged In
[2025-11-22 16:01:38] INFO: nmudanya94@gmail.com Logged In
[2025-11-22 17:59:11] INFO: nmudanya94@gmail.com Logged In
[2025-11-22 18:00:49] INFO: nmudanya94@gmail.com Logged In
[2025-11-22 18:07:12] INFO: nmudanya94@gmail.com Logged In
[2025-11-22 18:07:33] ERROR: POST /api/profile/documents - 
Invalid `__TURBOPACK__imported__module__$5b$project$5d2f$prisma$2f$prisma$2e$init$2e$ts__$5b$app$2d$route$5d$__$28$ecmascript$29$__["prisma"].profile.update()` invocation in
/home/bentola/Prog/Proj/jikonnect/.next/dev/server/chunks/[root-of-the-server]__b2857a04._.js:819:159

  816     });
  817 };
  818 const updateDocument = async (userId, documentUrl, documentType, certificates)=>{
→ 819     return await __TURBOPACK__imported__module__$5b$project$5d2f$prisma$2f$prisma$2e$init$2e$ts__$5b$app$2d$route$5d$__$28$ecmascript$29$__["prisma"].profile.update({
            where: {
              userId: "cmi4cdtz30002qmiizmku0ol9"
            },
            data: {
              avatar: "/uploads/documents/avatars/cmi4cdtz30002qmiizmku0ol9_avatarUrl_1763824053697.png",
              ~~~~~~~~~
          ?   id?: String | StringFieldUpdateOperationsInput,
          ?   bio?: String | NullableStringFieldUpdateOperationsInput | Null,
          ?   services?: ProfileUpdateservicesInput | String[],
          ?   hourlyRate?: Decimal | DecimalFieldUpdateOperationsInput,
          ?   yearsOfExperience?: Int | NullableIntFieldUpdateOperationsInput | Null,
          ?   location?: String | NullableStringFieldUpdateOperationsInput | Null,
          ?   languages?: ProfileUpdatelanguagesInput | String[],
          ?   availability?: NullableJsonNullValueInput | Json,
          ?   idNumber?: String | NullableStringFieldUpdateOperationsInput | Null,
          ?   idDocument?: String | NullableStringFieldUpdateOperationsInput | Null,
          ?   certificates?: ProfileUpdatecertificatesInput | String[],
          ?   verificationStatus?: VerificationStatus | EnumVerificationStatusFieldUpdateOperationsInput,
          ?   verifiedAt?: DateTime | NullableDateTimeFieldUpdateOperationsInput | Null,
          ?   rejectionReason?: String | NullableStringFieldUpdateOperationsInput | Null,
          ?   totalJobs?: Int | IntFieldUpdateOperationsInput,
          ?   completionRate?: Decimal | DecimalFieldUpdateOperationsInput,
          ?   averageRating?: Decimal | DecimalFieldUpdateOperationsInput,
          ?   totalEarnings?: Decimal | DecimalFieldUpdateOperationsInput,
          ?   user?: UserUpdateOneRequiredWithoutProfileNestedInput,
          ?   portfolio?: PortfolioUpdateManyWithoutProfileNestedInput
            }
          })

Unknown argument `avatar`. Available options are marked with ?.
[2025-11-22 18:12:10] ERROR: POST /api/profile/documents - 
Invalid `__TURBOPACK__imported__module__$5b$project$5d2f$prisma$2f$prisma$2e$init$2e$ts__$5b$app$2d$route$5d$__$28$ecmascript$29$__["prisma"].profile.update()` invocation in
/home/bentola/Prog/Proj/jikonnect/.next/dev/server/chunks/[root-of-the-server]__b2857a04._.js:819:159

  816     });
  817 };
  818 const updateDocument = async (userId, documentUrl, documentType, certificates)=>{
→ 819     return await __TURBOPACK__imported__module__$5b$project$5d2f$prisma$2f$prisma$2e$init$2e$ts__$5b$app$2d$route$5d$__$28$ecmascript$29$__["prisma"].profile.update({
            where: {
              userId: "cmi4cdtz30002qmiizmku0ol9"
            },
            data: {
              avatar: "/uploads/documents/avatars/cmi4cdtz30002qmiizmku0ol9_avatarUrl_1763824329911.png",
              ~~~~~~~~~
          ?   id?: String | StringFieldUpdateOperationsInput,
          ?   bio?: String | NullableStringFieldUpdateOperationsInput | Null,
          ?   services?: ProfileUpdateservicesInput | String[],
          ?   hourlyRate?: Decimal | DecimalFieldUpdateOperationsInput,
          ?   yearsOfExperience?: Int | NullableIntFieldUpdateOperationsInput | Null,
          ?   location?: String | NullableStringFieldUpdateOperationsInput | Null,
          ?   languages?: ProfileUpdatelanguagesInput | String[],
          ?   availability?: NullableJsonNullValueInput | Json,
          ?   idNumber?: String | NullableStringFieldUpdateOperationsInput | Null,
          ?   idDocument?: String | NullableStringFieldUpdateOperationsInput | Null,
          ?   certificates?: ProfileUpdatecertificatesInput | String[],
          ?   verificationStatus?: VerificationStatus | EnumVerificationStatusFieldUpdateOperationsInput,
          ?   verifiedAt?: DateTime | NullableDateTimeFieldUpdateOperationsInput | Null,
          ?   rejectionReason?: String | NullableStringFieldUpdateOperationsInput | Null,
          ?   totalJobs?: Int | IntFieldUpdateOperationsInput,
          ?   completionRate?: Decimal | DecimalFieldUpdateOperationsInput,
          ?   averageRating?: Decimal | DecimalFieldUpdateOperationsInput,
          ?   totalEarnings?: Decimal | DecimalFieldUpdateOperationsInput,
          ?   user?: UserUpdateOneRequiredWithoutProfileNestedInput,
          ?   portfolio?: PortfolioUpdateManyWithoutProfileNestedInput
            }
          })

Unknown argument `avatar`. Available options are marked with ?.
[2025-11-22 18:15:09] ERROR: POST /api/profile/documents - 
Invalid `__TURBOPACK__imported__module__$5b$project$5d2f$prisma$2f$prisma$2e$init$2e$ts__$5b$app$2d$route$5d$__$28$ecmascript$29$__["prisma"].profile.update()` invocation in
/home/bentola/Prog/Proj/jikonnect/.next/dev/server/chunks/[root-of-the-server]__b2857a04._.js:819:159

  816     });
  817 };
  818 const updateDocument = async (userId, documentUrl, documentType, certificates)=>{
→ 819     return await __TURBOPACK__imported__module__$5b$project$5d2f$prisma$2f$prisma$2e$init$2e$ts__$5b$app$2d$route$5d$__$28$ecmascript$29$__["prisma"].profile.update({
            where: {
              userId: "cmi4cdtz30002qmiizmku0ol9"
            },
            data: {
              avatar: "/uploads/documents/avatars/cmi4cdtz30002qmiizmku0ol9_avatarUrl_1763824508931.png",
              ~~~~~~~~~
          ?   id?: String | StringFieldUpdateOperationsInput,
          ?   bio?: String | NullableStringFieldUpdateOperationsInput | Null,
          ?   services?: ProfileUpdateservicesInput | String[],
          ?   hourlyRate?: Decimal | DecimalFieldUpdateOperationsInput,
          ?   yearsOfExperience?: Int | NullableIntFieldUpdateOperationsInput | Null,
          ?   location?: String | NullableStringFieldUpdateOperationsInput | Null,
          ?   languages?: ProfileUpdatelanguagesInput | String[],
          ?   availability?: NullableJsonNullValueInput | Json,
          ?   idNumber?: String | NullableStringFieldUpdateOperationsInput | Null,
          ?   idDocument?: String | NullableStringFieldUpdateOperationsInput | Null,
          ?   certificates?: ProfileUpdatecertificatesInput | String[],
          ?   verificationStatus?: VerificationStatus | EnumVerificationStatusFieldUpdateOperationsInput,
          ?   verifiedAt?: DateTime | NullableDateTimeFieldUpdateOperationsInput | Null,
          ?   rejectionReason?: String | NullableStringFieldUpdateOperationsInput | Null,
          ?   totalJobs?: Int | IntFieldUpdateOperationsInput,
          ?   completionRate?: Decimal | DecimalFieldUpdateOperationsInput,
          ?   averageRating?: Decimal | DecimalFieldUpdateOperationsInput,
          ?   totalEarnings?: Decimal | DecimalFieldUpdateOperationsInput,
          ?   user?: UserUpdateOneRequiredWithoutProfileNestedInput,
          ?   portfolio?: PortfolioUpdateManyWithoutProfileNestedInput
            }
          })

Unknown argument `avatar`. Available options are marked with ?.
[2025-11-22 18:20:53] ERROR: POST /api/profile/documents - 
Invalid `__TURBOPACK__imported__module__$5b$project$5d2f$prisma$2f$prisma$2e$init$2e$ts__$5b$app$2d$route$5d$__$28$ecmascript$29$__["prisma"].profile.update()` invocation in
/home/bentola/Prog/Proj/jikonnect/.next/dev/server/chunks/[root-of-the-server]__b2857a04._.js:819:159

  816     });
  817 };
  818 const updateDocument = async (userId, documentUrl, documentType, certificates)=>{
→ 819     return await __TURBOPACK__imported__module__$5b$project$5d2f$prisma$2f$prisma$2e$init$2e$ts__$5b$app$2d$route$5d$__$28$ecmascript$29$__["prisma"].profile.update({
            where: {
              userId: "cmi4cdtz30002qmiizmku0ol9"
            },
            data: {
              avatar: "/uploads/documents/avatars/cmi4cdtz30002qmiizmku0ol9_avatarUrl_1763824853309.png",
              ~~~~~~~~~
          ?   id?: String | StringFieldUpdateOperationsInput,
          ?   bio?: String | NullableStringFieldUpdateOperationsInput | Null,
          ?   services?: ProfileUpdateservicesInput | String[],
          ?   hourlyRate?: Decimal | DecimalFieldUpdateOperationsInput,
          ?   yearsOfExperience?: Int | NullableIntFieldUpdateOperationsInput | Null,
          ?   location?: String | NullableStringFieldUpdateOperationsInput | Null,
          ?   languages?: ProfileUpdatelanguagesInput | String[],
          ?   availability?: NullableJsonNullValueInput | Json,
          ?   idNumber?: String | NullableStringFieldUpdateOperationsInput | Null,
          ?   idDocument?: String | NullableStringFieldUpdateOperationsInput | Null,
          ?   certificates?: ProfileUpdatecertificatesInput | String[],
          ?   verificationStatus?: VerificationStatus | EnumVerificationStatusFieldUpdateOperationsInput,
          ?   verifiedAt?: DateTime | NullableDateTimeFieldUpdateOperationsInput | Null,
          ?   rejectionReason?: String | NullableStringFieldUpdateOperationsInput | Null,
          ?   totalJobs?: Int | IntFieldUpdateOperationsInput,
          ?   completionRate?: Decimal | DecimalFieldUpdateOperationsInput,
          ?   averageRating?: Decimal | DecimalFieldUpdateOperationsInput,
          ?   totalEarnings?: Decimal | DecimalFieldUpdateOperationsInput,
          ?   user?: UserUpdateOneRequiredWithoutProfileNestedInput,
          ?   portfolio?: PortfolioUpdateManyWithoutProfileNestedInput
            }
          })

Unknown argument `avatar`. Available options are marked with ?.
[2025-11-22 18:57:49] INFO: nmudanya94@gmail.com Logged In
[2025-11-22 20:34:25] INFO: nmudanya94@gmail.com Logged In
[2025-11-22 21:46:59] INFO: nmudanya94@gmail.com Logged In
[2025-11-22 23:12:04] INFO: nmudanya94@gmail.com Logged In
