[2025-11-25 01:50:10] ERROR: 
Invalid `__TURBOPACK__imported__module__$5b$project$5d2f$prisma$2f$prisma$2e$init$2e$ts__$5b$app$2d$route$5d$__$28$ecmascript$29$__["prisma"].user.update()` invocation in
/home/bentola/Prog/Proj/jikonnect/.next/dev/server/chunks/[root-of-the-server]__b4c2ca0a._.js:997:149

  994         }
  995     });
  996 const activateUser = async (id)=>{
→ 997     await __TURBOPACK__imported__module__$5b$project$5d2f$prisma$2f$prisma$2e$init$2e$ts__$5b$app$2d$route$5d$__$28$ecmascript$29$__["prisma"].user.update(
An operation failed because it depends on one or more records that were required but not found. No record was found for an update.
[2025-11-25 01:51:44] ERROR: 
Invalid `__TURBOPACK__imported__module__$5b$project$5d2f$prisma$2f$prisma$2e$init$2e$ts__$5b$app$2d$route$5d$__$28$ecmascript$29$__["prisma"].user.update()` invocation in
/home/bentola/Prog/Proj/jikonnect/.next/dev/server/chunks/[root-of-the-server]__6fa32a6f._.js:891:149

  888         }
  889     });
  890 const activateUser = async (id)=>{
→ 891     await __TURBOPACK__imported__module__$5b$project$5d2f$prisma$2f$prisma$2e$init$2e$ts__$5b$app$2d$route$5d$__$28$ecmascript$29$__["prisma"].user.update(
An operation failed because it depends on one or more records that were required but not found. No record was found for an update.
[2025-11-25 01:51:53] ERROR: 
Invalid `__TURBOPACK__imported__module__$5b$project$5d2f$prisma$2f$prisma$2e$init$2e$ts__$5b$app$2d$route$5d$__$28$ecmascript$29$__["prisma"].user.update()` invocation in
/home/bentola/Prog/Proj/jikonnect/.next/dev/server/chunks/[root-of-the-server]__6fa32a6f._.js:891:149

  888         }
  889     });
  890 const activateUser = async (id)=>{
→ 891     await __TURBOPACK__imported__module__$5b$project$5d2f$prisma$2f$prisma$2e$init$2e$ts__$5b$app$2d$route$5d$__$28$ecmascript$29$__["prisma"].user.update(
An operation failed because it depends on one or more records that were required but not found. No record was found for an update.
[2025-11-25 01:52:25] ERROR: 
Invalid `__TURBOPACK__imported__module__$5b$project$5d2f$prisma$2f$prisma$2e$init$2e$ts__$5b$app$2d$route$5d$__$28$ecmascript$29$__["prisma"].user.update()` invocation in
/home/bentola/Prog/Proj/jikonnect/.next/dev/server/chunks/[root-of-the-server]__6fa32a6f._.js:891:149

  888         }
  889     });
  890 const activateUser = async (id)=>{
→ 891     await __TURBOPACK__imported__module__$5b$project$5d2f$prisma$2f$prisma$2e$init$2e$ts__$5b$app$2d$route$5d$__$28$ecmascript$29$__["prisma"].user.update(
An operation failed because it depends on one or more records that were required but not found. No record was found for an update.
[2025-11-25 01:54:12] ERROR: 
Invalid `__TURBOPACK__imported__module__$5b$project$5d2f$prisma$2f$prisma$2e$init$2e$ts__$5b$app$2d$route$5d$__$28$ecmascript$29$__["prisma"].user.update()` invocation in
/home/bentola/Prog/Proj/jikonnect/.next/dev/server/chunks/[root-of-the-server]__6fa32a6f._.js:891:149

  888         }
  889     });
  890 const activateUser = async (id)=>{
→ 891     await __TURBOPACK__imported__module__$5b$project$5d2f$prisma$2f$prisma$2e$init$2e$ts__$5b$app$2d$route$5d$__$28$ecmascript$29$__["prisma"].user.update(
An operation failed because it depends on one or more records that were required but not found. No record was found for an update.
[2025-11-25 01:54:50] ERROR: 
Invalid `__TURBOPACK__imported__module__$5b$project$5d2f$prisma$2f$prisma$2e$init$2e$ts__$5b$app$2d$route$5d$__$28$ecmascript$29$__["prisma"].user.update()` invocation in
/home/bentola/Prog/Proj/jikonnect/.next/dev/server/chunks/[root-of-the-server]__6fa32a6f._.js:891:149

  888         }
  889     });
  890 const activateUser = async (id)=>{
→ 891     await __TURBOPACK__imported__module__$5b$project$5d2f$prisma$2f$prisma$2e$init$2e$ts__$5b$app$2d$route$5d$__$28$ecmascript$29$__["prisma"].user.update(
An operation failed because it depends on one or more records that were required but not found. No record was found for an update.
[2025-11-25 02:01:19] ERROR: 
Invalid `__TURBOPACK__imported__module__$5b$project$5d2f$prisma$2f$prisma$2e$init$2e$ts__$5b$app$2d$route$5d$__$28$ecmascript$29$__["prisma"].user.update()` invocation in
/home/bentola/Prog/Proj/jikonnect/.next/dev/server/chunks/[root-of-the-server]__6fa32a6f._.js:891:149

  888         }
  889     });
  890 const activateUser = async (id)=>{
→ 891     await __TURBOPACK__imported__module__$5b$project$5d2f$prisma$2f$prisma$2e$init$2e$ts__$5b$app$2d$route$5d$__$28$ecmascript$29$__["prisma"].user.update(
An operation failed because it depends on one or more records that were required but not found. No record was found for an update.
[2025-11-25 02:28:14] INFO: nmudanya94@gmail.com Logged In
