[2025-11-19 13:49:03] INFO: nmudanya94@gmail.com Logged In
[2025-11-19 15:22:43] ERROR: 
Invalid `prisma.user.update()` invocation in
/home/bentola/Prog/Proj/jikonnect/.next/dev/server/chunks/[root-of-the-server]__9c8e27e5._.js:911:23

  908         }
  909     });
  910 const activateUser = async (id)=>{
→ 911     await prisma.user.update(
An operation failed because it depends on one or more records that were required but not found. No record was found for an update.
[2025-11-19 15:23:17] ERROR: 
Invalid `prisma.user.update()` invocation in
/home/bentola/Prog/Proj/jikonnect/.next/dev/server/chunks/[root-of-the-server]__9c8e27e5._.js:911:23

  908         }
  909     });
  910 const activateUser = async (id)=>{
→ 911     await prisma.user.update(
An operation failed because it depends on one or more records that were required but not found. No record was found for an update.
[2025-11-19 15:23:18] ERROR: 
Invalid `prisma.user.update()` invocation in
/home/bentola/Prog/Proj/jikonnect/.next/dev/server/chunks/[root-of-the-server]__9c8e27e5._.js:911:23

  908         }
  909     });
  910 const activateUser = async (id)=>{
→ 911     await prisma.user.update(
An operation failed because it depends on one or more records that were required but not found. No record was found for an update.
[2025-11-19 15:23:45] ERROR: 
Invalid `prisma.user.update()` invocation in
/home/bentola/Prog/Proj/jikonnect/.next/dev/server/chunks/[root-of-the-server]__9c8e27e5._.js:911:23

  908         }
  909     });
  910 const activateUser = async (id)=>{
→ 911     await prisma.user.update(
An operation failed because it depends on one or more records that were required but not found. No record was found for an update.
[2025-11-19 15:23:48] ERROR: 
Invalid `prisma.user.update()` invocation in
/home/bentola/Prog/Proj/jikonnect/.next/dev/server/chunks/[root-of-the-server]__9c8e27e5._.js:911:23

  908         }
  909     });
  910 const activateUser = async (id)=>{
→ 911     await prisma.user.update(
An operation failed because it depends on one or more records that were required but not found. No record was found for an update.
[2025-11-19 15:24:11] ERROR: 
Invalid `prisma.user.update()` invocation in
/home/bentola/Prog/Proj/jikonnect/.next/dev/server/chunks/[root-of-the-server]__9c8e27e5._.js:911:23

  908         }
  909     });
  910 const activateUser = async (id)=>{
→ 911     await prisma.user.update(
An operation failed because it depends on one or more records that were required but not found. No record was found for an update.
[2025-11-19 15:26:45] ERROR: 
Invalid `prisma.user.update()` invocation in
/home/bentola/Prog/Proj/jikonnect/.next/dev/server/chunks/[root-of-the-server]__9c8e27e5._.js:911:23

  908         }
  909     });
  910 const activateUser = async (id)=>{
→ 911     await prisma.user.update(
An operation failed because it depends on one or more records that were required but not found. No record was found for an update.
[2025-11-19 15:27:57] ERROR: 
Invalid `prisma.user.update()` invocation in
/home/bentola/Prog/Proj/jikonnect/.next/dev/server/chunks/[root-of-the-server]__9c8e27e5._.js:911:23

  908         }
  909     });
  910 const activateUser = async (id)=>{
→ 911     await prisma.user.update(
An operation failed because it depends on one or more records that were required but not found. No record was found for an update.
[2025-11-19 15:52:03] ERROR: 
Invalid `prisma.user.update()` invocation in
/home/bentola/Prog/Proj/jikonnect/.next/dev/server/chunks/[root-of-the-server]__9c8e27e5._.js:911:23

  908         }
  909     });
  910 const activateUser = async (id)=>{
→ 911     await prisma.user.update(
An operation failed because it depends on one or more records that were required but not found. No record was found for an update.
[2025-11-19 15:57:23] INFO: Password reset for: nmudanya94@gmail.com
[2025-11-19 16:00:45] INFO: undefined password reset successfully!
[2025-11-19 16:01:02] INFO: nmudanya94@gmail.com Logged In
[2025-11-19 18:22:49] ERROR: 
Invalid `prisma.user.update()` invocation in
/home/bentola/Prog/Proj/jikonnect/.next/dev/server/chunks/[root-of-the-server]__9c8e27e5._.js:911:23

  908         }
  909     });
  910 const activateUser = async (id)=>{
→ 911     await prisma.user.update(
An operation failed because it depends on one or more records that were required but not found. No record was found for an update.
[2025-11-19 18:22:55] ERROR: 
Invalid `prisma.user.update()` invocation in
/home/bentola/Prog/Proj/jikonnect/.next/dev/server/chunks/[root-of-the-server]__9c8e27e5._.js:911:23

  908         }
  909     });
  910 const activateUser = async (id)=>{
→ 911     await prisma.user.update(
An operation failed because it depends on one or more records that were required but not found. No record was found for an update.
[2025-11-19 18:23:09] ERROR: 
Invalid `prisma.user.update()` invocation in
/home/bentola/Prog/Proj/jikonnect/.next/dev/server/chunks/[root-of-the-server]__9c8e27e5._.js:911:23

  908         }
  909     });
  910 const activateUser = async (id)=>{
→ 911     await prisma.user.update(
An operation failed because it depends on one or more records that were required but not found. No record was found for an update.
[2025-11-19 18:23:13] ERROR: 
Invalid `prisma.user.update()` invocation in
/home/bentola/Prog/Proj/jikonnect/.next/dev/server/chunks/[root-of-the-server]__9c8e27e5._.js:911:23

  908         }
  909     });
  910 const activateUser = async (id)=>{
→ 911     await prisma.user.update(
An operation failed because it depends on one or more records that were required but not found. No record was found for an update.
[2025-11-19 18:23:17] ERROR: 
Invalid `prisma.user.update()` invocation in
/home/bentola/Prog/Proj/jikonnect/.next/dev/server/chunks/[root-of-the-server]__9c8e27e5._.js:911:23

  908         }
  909     });
  910 const activateUser = async (id)=>{
→ 911     await prisma.user.update(
An operation failed because it depends on one or more records that were required but not found. No record was found for an update.
[2025-11-19 18:23:33] ERROR: 
Invalid `prisma.user.update()` invocation in
/home/bentola/Prog/Proj/jikonnect/.next/dev/server/chunks/[root-of-the-server]__9c8e27e5._.js:911:23

  908         }
  909     });
  910 const activateUser = async (id)=>{
→ 911     await prisma.user.update(
An operation failed because it depends on one or more records that were required but not found. No record was found for an update.
[2025-11-19 18:23:39] ERROR: 
Invalid `prisma.user.update()` invocation in
/home/bentola/Prog/Proj/jikonnect/.next/dev/server/chunks/[root-of-the-server]__9c8e27e5._.js:911:23

  908         }
  909     });
  910 const activateUser = async (id)=>{
→ 911     await prisma.user.update(
An operation failed because it depends on one or more records that were required but not found. No record was found for an update.
[2025-11-19 18:23:49] ERROR: 
Invalid `prisma.user.update()` invocation in
/home/bentola/Prog/Proj/jikonnect/.next/dev/server/chunks/[root-of-the-server]__9c8e27e5._.js:911:23

  908         }
  909     });
  910 const activateUser = async (id)=>{
→ 911     await prisma.user.update(
An operation failed because it depends on one or more records that were required but not found. No record was found for an update.
[2025-11-19 18:24:16] ERROR: 
Invalid `prisma.user.update()` invocation in
/home/bentola/Prog/Proj/jikonnect/.next/dev/server/chunks/[root-of-the-server]__9c8e27e5._.js:911:23

  908         }
  909     });
  910 const activateUser = async (id)=>{
→ 911     await prisma.user.update(
An operation failed because it depends on one or more records that were required but not found. No record was found for an update.
[2025-11-19 18:24:25] ERROR: 
Invalid `prisma.user.update()` invocation in
/home/bentola/Prog/Proj/jikonnect/.next/dev/server/chunks/[root-of-the-server]__9c8e27e5._.js:911:23

  908         }
  909     });
  910 const activateUser = async (id)=>{
→ 911     await prisma.user.update(
An operation failed because it depends on one or more records that were required but not found. No record was found for an update.
[2025-11-19 18:24:36] ERROR: 
Invalid `prisma.user.update()` invocation in
/home/bentola/Prog/Proj/jikonnect/.next/dev/server/chunks/[root-of-the-server]__9c8e27e5._.js:911:23

  908         }
  909     });
  910 const activateUser = async (id)=>{
→ 911     await prisma.user.update(
An operation failed because it depends on one or more records that were required but not found. No record was found for an update.
[2025-11-19 18:24:38] ERROR: 
Invalid `prisma.user.update()` invocation in
/home/bentola/Prog/Proj/jikonnect/.next/dev/server/chunks/[root-of-the-server]__9c8e27e5._.js:911:23

  908         }
  909     });
  910 const activateUser = async (id)=>{
→ 911     await prisma.user.update(
An operation failed because it depends on one or more records that were required but not found. No record was found for an update.
[2025-11-19 18:24:46] ERROR: 
Invalid `prisma.user.update()` invocation in
/home/bentola/Prog/Proj/jikonnect/.next/dev/server/chunks/[root-of-the-server]__9c8e27e5._.js:911:23

  908         }
  909     });
  910 const activateUser = async (id)=>{
→ 911     await prisma.user.update(
An operation failed because it depends on one or more records that were required but not found. No record was found for an update.
[2025-11-19 18:24:50] ERROR: 
Invalid `prisma.user.update()` invocation in
/home/bentola/Prog/Proj/jikonnect/.next/dev/server/chunks/[root-of-the-server]__9c8e27e5._.js:911:23

  908         }
  909     });
  910 const activateUser = async (id)=>{
→ 911     await prisma.user.update(
An operation failed because it depends on one or more records that were required but not found. No record was found for an update.
[2025-11-19 18:24:57] ERROR: 
Invalid `prisma.user.update()` invocation in
/home/bentola/Prog/Proj/jikonnect/.next/dev/server/chunks/[root-of-the-server]__9c8e27e5._.js:911:23

  908         }
  909     });
  910 const activateUser = async (id)=>{
→ 911     await prisma.user.update(
An operation failed because it depends on one or more records that were required but not found. No record was found for an update.
[2025-11-19 18:25:01] ERROR: 
Invalid `prisma.user.update()` invocation in
/home/bentola/Prog/Proj/jikonnect/.next/dev/server/chunks/[root-of-the-server]__9c8e27e5._.js:911:23

  908         }
  909     });
  910 const activateUser = async (id)=>{
→ 911     await prisma.user.update(
An operation failed because it depends on one or more records that were required but not found. No record was found for an update.
[2025-11-19 18:25:06] ERROR: 
Invalid `prisma.user.update()` invocation in
/home/bentola/Prog/Proj/jikonnect/.next/dev/server/chunks/[root-of-the-server]__9c8e27e5._.js:911:23

  908         }
  909     });
  910 const activateUser = async (id)=>{
→ 911     await prisma.user.update(
An operation failed because it depends on one or more records that were required but not found. No record was found for an update.
[2025-11-19 18:41:50] ERROR: 
Invalid `prisma.user.update()` invocation in
/home/bentola/Prog/Proj/jikonnect/.next/dev/server/chunks/[root-of-the-server]__9c8e27e5._.js:911:23

  908         }
  909     });
  910 const activateUser = async (id)=>{
→ 911     await prisma.user.update(
An operation failed because it depends on one or more records that were required but not found. No record was found for an update.
[2025-11-19 18:45:41] ERROR: 
Invalid `prisma.user.update()` invocation in
/home/bentola/Prog/Proj/jikonnect/.next/dev/server/chunks/[root-of-the-server]__9c8e27e5._.js:911:23

  908         }
  909     });
  910 const activateUser = async (id)=>{
→ 911     await prisma.user.update(
An operation failed because it depends on one or more records that were required but not found. No record was found for an update.
[2025-11-19 18:59:24] INFO: nmudanya94@gmail.com Logged In
[2025-11-19 19:57:39] ERROR: 
Invalid `prisma.user.update()` invocation in
/home/bentola/Prog/Proj/jikonnect/.next/dev/server/chunks/[root-of-the-server]__9c8e27e5._.js:911:23

  908         }
  909     });
  910 const activateUser = async (id)=>{
→ 911     await prisma.user.update(
An operation failed because it depends on one or more records that were required but not found. No record was found for an update.
